<?xml version="1.0" encoding="UTF-8"?>
<!-- Generated by org.testng.reporters.JUnitReportReporter -->
<testsuite hostname="LAPTOP-73GL45IO" failures="0" tests="1" name="com.demowebshop.testcases.LoginTest" time="0.047" errors="0" timestamp="25 Jul 2021 06:51:21 GMT" skipped="0">
  <testcase classname="com.demowebshop.testcases.LoginTest" name="LoginTest" time="0.047"/>
</testsuite> <!-- com.demowebshop.testcases.LoginTest -->
